SF:lib/state/app_state.g.dart
DA:14,0
DA:15,0
DA:16,0
DA:18,0
DA:20,1
DA:21,2
DA:23,1
DA:25,2
DA:26,1
DA:29,1
DA:31,4
DA:32,1
DA:36,1
DA:37,2
DA:39,1
DA:41,2
DA:42,1
DA:45,1
DA:47,4
DA:48,1
DA:52,1
DA:53,2
DA:55,1
DA:57,2
DA:58,1
DA:61,0
DA:63,0
DA:64,0
DA:68,1
DA:69,2
DA:71,1
DA:73,2
DA:74,1
DA:77,1
DA:79,4
DA:80,1
DA:87,0
DA:89,0
DA:90,0
DA:96,0
DA:98,0
DA:104,0
DA:106,0
DA:109,1
DA:110,2
DA:112,1
DA:114,4
DA:117,1
DA:118,2
DA:120,1
DA:123,2
DA:124,2
DA:127,1
DA:128,2
DA:130,1
DA:132,4
DA:135,1
DA:136,2
DA:138,1
DA:140,4
DA:146,0
DA:151,0
DA:152,0
DA:155,1
DA:156,2
DA:158,1
DA:161,2
DA:163,1
DA:165,2
DA:169,0
DA:172,0
DA:174,0
DA:176,0
DA:180,0
DA:183,0
DA:185,0
DA:187,0
DA:191,0
DA:194,0
DA:195,0
DA:196,0
DA:197,0
DA:198,0
DA:199,0
LF:84
LH:52
end_of_record
SF:lib/state/app_state.dart
DA:13,1
DA:33,0
DA:35,0
DA:37,1
DA:39,1
DA:42,0
DA:46,0
DA:47,0
DA:49,0
DA:54,0
DA:55,0
DA:59,0
DA:60,0
DA:66,0
DA:70,0
DA:72,0
DA:73,0
DA:75,0
DA:80,0
DA:85,0
DA:88,0
DA:89,0
DA:91,0
DA:92,0
DA:97,0
DA:101,0
DA:103,0
DA:105,0
DA:107,0
DA:109,0
DA:110,0
DA:113,1
DA:115,1
DA:116,2
DA:118,0
DA:121,1
DA:124,2
DA:130,1
DA:136,2
DA:137,1
DA:141,1
DA:146,2
DA:151,2
DA:158,1
DA:159,1
DA:160,3
DA:162,1
DA:166,1
DA:168,1
DA:169,2
DA:171,1
DA:172,1
DA:174,0
DA:176,1
DA:179,1
DA:181,2
DA:187,2
DA:191,2
DA:195,0
DA:201,0
DA:202,0
DA:204,0
DA:209,0
DA:212,0
DA:213,0
DA:216,0
DA:217,0
DA:218,0
DA:223,0
DA:228,0
DA:229,0
DA:234,0
DA:239,0
DA:240,0
DA:252,0
DA:256,0
DA:257,0
DA:258,0
DA:261,0
LF:79
LH:28
end_of_record
SF:lib/provider/auth_provider.dart
DA:20,0
DA:22,0
DA:23,0
DA:29,0
DA:31,0
DA:33,0
DA:34,0
DA:40,0
DA:46,0
DA:50,0
DA:51,0
DA:53,0
DA:56,0
DA:62,0
DA:66,0
DA:67,0
DA:69,0
DA:72,0
DA:75,0
DA:81,0
DA:82,0
LF:21
LH:0
end_of_record
SF:lib/provider/reminders_provider.dart
DA:34,0
DA:40,0
DA:43,0
DA:44,0
DA:46,0
DA:50,0
DA:53,0
DA:57,0
DA:58,0
DA:59,0
DA:60,0
DA:61,0
DA:64,0
DA:67,0
DA:73,0
DA:76,0
DA:77,0
DA:79,0
DA:82,0
DA:87,0
DA:89,0
DA:90,0
DA:91,0
DA:92,0
DA:93,0
DA:94,0
DA:100,0
DA:108,0
DA:109,0
DA:110,0
DA:111,0
DA:113,0
LF:32
LH:0
end_of_record
SF:lib/state/reminder.dart
DA:18,1
DA:25,1
DA:27,3
DA:28,3
DA:29,3
DA:30,3
DA:32,0
DA:33,0
LF:8
LH:6
end_of_record
SF:lib/state/reminder.g.dart
DA:12,3
DA:14,1
DA:16,2
DA:17,1
DA:20,0
DA:22,0
DA:23,0
DA:27,3
DA:29,1
DA:31,2
DA:32,1
DA:35,1
DA:37,4
DA:38,1
DA:42,0
DA:45,0
DA:46,0
DA:47,0
LF:18
LH:11
end_of_record
SF:lib/auth/auth_error.dart
DA:16,1
DA:20,0
DA:21,0
DA:31,1
DA:32,0
DA:41,1
DA:42,0
DA:53,1
DA:54,0
DA:63,1
DA:64,0
DA:73,1
DA:74,0
DA:84,1
DA:85,0
DA:94,1
DA:95,0
DA:104,1
DA:105,0
LF:19
LH:9
end_of_record
